<?xml version="1.0" encoding="UTF-8"?>
<!-- Generated by org.testng.reporters.JUnitReportReporter -->
<testsuite hostname="FA047715" name="com.mobizio.testscript.LoginLogout" tests="2" failures="0" timestamp="22 Sep 2017 19:10:18 GMT" time="13.384" errors="0">
  <testcase name="createNewBranchWithAllDetails" time="7.055" classname="com.mobizio.testscript.LoginLogout"/>
  <testcase name="createNewBranchWithAllDetails" time="6.329" classname="com.mobizio.testscript.LoginLogout"/>
</testsuite> <!-- com.mobizio.testscript.LoginLogout -->
