<?xml version="1.0" encoding="UTF-8"?>
<!-- Generated by org.testng.reporters.JUnitReportReporter -->
<testsuite hostname="FA047715" name="com.mobizio.testscript.CreateCaseList" tests="1" failures="0" timestamp="22 Sep 2017 17:51:18 GMT" time="5.988" errors="0">
  <testcase name="createNewBranchWithAllDetails" time="5.988" classname="com.mobizio.testscript.CreateCaseList"/>
</testsuite> <!-- com.mobizio.testscript.CreateCaseList -->
