<?xml version="1.0" encoding="UTF-8"?>
<!-- Generated by org.testng.reporters.JUnitReportReporter -->
<testsuite hostname="360PC0145" name="com.mobizio.testscript.CreateNewCustomerWithMandatoryDetails" tests="2" failures="0" timestamp="2 Mar 2017 13:42:33 GMT" time="111.627" errors="0">
  <testcase name="createNewCustomerWithMandatoryDetails" time="31.285" classname="com.mobizio.testscript.CreateNewCustomerWithMandatoryDetails"/>
  <testcase name="createNewCustomerWithMandatoryDetails" time="80.342" classname="com.mobizio.testscript.CreateNewCustomerWithMandatoryDetails"/>
</testsuite> <!-- com.mobizio.testscript.CreateNewCustomerWithMandatoryDetails -->
