<?xml version="1.0" encoding="UTF-8"?>
<!-- Generated by org.testng.reporters.JUnitReportReporter -->
<testsuite hostname="360PC0145" name="com.mobizio.testscript.ReassignAVisit" tests="1" failures="0" timestamp="3 Mar 2017 11:44:45 GMT" time="70.978" errors="0">
  <testcase name="createTaskWithAllDetails" time="70.978" classname="com.mobizio.testscript.ReassignAVisit"/>
</testsuite> <!-- com.mobizio.testscript.ReassignAVisit -->
