<?xml version="1.0" encoding="UTF-8"?>
<!-- Generated by org.testng.reporters.JUnitReportReporter -->
<testsuite hostname="360PC0145" name="com.mobizio.testscript.CreateRoleWithDetails" tests="1" failures="0" timestamp="6 Mar 2017 12:48:29 GMT" time="30.587" errors="0">
  <testcase name="createNewBranchWithAllDetails" time="30.587" classname="com.mobizio.testscript.CreateRoleWithDetails"/>
</testsuite> <!-- com.mobizio.testscript.CreateRoleWithDetails -->
