<?xml version="1.0" encoding="UTF-8"?>
<!-- Generated by org.testng.reporters.JUnitReportReporter -->
<testsuite hostname="360PC0145" name="com.mobizio.testscript.CreateDeviceWithAllDetails" tests="1" failures="0" timestamp="27 Feb 2017 13:57:15 GMT" time="20.700" errors="0">
  <testcase name="createNewCustomerWithAllDetails" time="20.700" classname="com.mobizio.testscript.CreateDeviceWithAllDetails"/>
</testsuite> <!-- com.mobizio.testscript.CreateDeviceWithAllDetails -->
