<?xml version="1.0" encoding="UTF-8"?>
<!-- Generated by org.testng.reporters.JUnitReportReporter -->
<testsuite hostname="360PC0145" name="com.mobizio.testscript.EditBranchWithAllDetails" tests="1" failures="0" timestamp="3 Mar 2017 12:36:23 GMT" time="48.305" errors="0">
  <testcase name="createNewBranchWithAllDetails" time="48.305" classname="com.mobizio.testscript.EditBranchWithAllDetails"/>
</testsuite> <!-- com.mobizio.testscript.EditBranchWithAllDetails -->
