<?xml version="1.0" encoding="UTF-8"?>
<!-- Generated by org.testng.reporters.JUnitReportReporter -->
<testsuite hostname="360PC0145" name="com.mobizio.testscript.CreateDeviceWithAllDetail" tests="2" failures="0" timestamp="2 Mar 2017 13:42:33 GMT" time="116.049" errors="0">
  <testcase name="createNewCustomerWithAllDetails" time="93.840" classname="com.mobizio.testscript.CreateDeviceWithAllDetail"/>
  <testcase name="createNewCustomerWithAllDetails" time="22.209" classname="com.mobizio.testscript.CreateDeviceWithAllDetail"/>
</testsuite> <!-- com.mobizio.testscript.CreateDeviceWithAllDetail -->
