<?xml version="1.0" encoding="UTF-8"?>
<!-- Generated by org.testng.reporters.JUnitReportReporter -->
<testsuite hostname="360PC0145" name="com.mobizio.testscript.CreateNewCustomerWithAllDetails" tests="2" failures="0" timestamp="2 Mar 2017 13:42:33 GMT" time="159.664" errors="0">
  <testcase name="createNewCustomerWithAllDetails" time="38.520" classname="com.mobizio.testscript.CreateNewCustomerWithAllDetails"/>
  <testcase name="createNewCustomerWithAllDetails" time="121.144" classname="com.mobizio.testscript.CreateNewCustomerWithAllDetails"/>
</testsuite> <!-- com.mobizio.testscript.CreateNewCustomerWithAllDetails -->
