<?xml version="1.0" encoding="UTF-8"?>
<!-- Generated by org.testng.reporters.JUnitReportReporter -->
<testsuite hostname="DESKTOP-ER1VHCV" name="com.mobizio.testscript.LoginMobizio" tests="1" failures="0" timestamp="27 Apr 2017 14:13:09 GMT" time="8.844" errors="0">
  <testcase name="VerifyLoginSuccess" time="8.844" classname="com.mobizio.testscript.LoginMobizio"/>
</testsuite> <!-- com.mobizio.testscript.LoginMobizio -->
