<?xml version="1.0" encoding="UTF-8"?>
<!-- Generated by org.testng.reporters.JUnitReportReporter -->
<testsuite hostname="IBM254-PK13GFA" name="com.scorm.testscript.LoginLogout" tests="1" failures="0" timestamp="8 Oct 2017 17:41:04 GMT" time="23.687" errors="0">
  <testcase name="loginLogout" time="23.687" classname="com.scorm.testscript.LoginLogout"/>
</testsuite> <!-- com.scorm.testscript.LoginLogout -->
