<?xml version="1.0" encoding="UTF-8"?>
<!-- Generated by org.testng.reporters.JUnitReportReporter -->
<testsuite hostname="IBM254-PK13GFA" name="com.scorm.testscript.VerifyCourseLesson" tests="1" failures="0" timestamp="8 Oct 2017 18:23:59 GMT" time="105.698" errors="0">
  <testcase name="verifyCourseLesson" time="105.698" classname="com.scorm.testscript.VerifyCourseLesson"/>
</testsuite> <!-- com.scorm.testscript.VerifyCourseLesson -->
