<?xml version="1.0" encoding="UTF-8"?>
<!-- Generated by org.testng.reporters.JUnitReportReporter -->
<testsuite skipped="0" hostname="SRINIVAS-PC" name="HomePage.testNG2" tests="1" failures="0" timestamp="17 Apr 2018 16:44:52 GMT" time="0.008" errors="0">
  <testcase name="second" time="0.008" classname="HomePage.testNG2"/>
</testsuite> <!-- HomePage.testNG2 -->
