<?xml version="1.0" encoding="UTF-8"?>
<!-- Generated by org.testng.reporters.JUnitReportReporter -->
<testsuite skipped="0" hostname="SRINIVAS-PC" name="HomePage.FirstSeleniumProgram" tests="2" failures="0" timestamp="27 Jun 2018 13:11:22 GMT" time="178.555" errors="0">
  <testcase name="Setup2" time="70.223" classname="HomePage.FirstSeleniumProgram"/>
  <testcase name="Setup" time="108.332" classname="HomePage.FirstSeleniumProgram"/>
</testsuite> <!-- HomePage.FirstSeleniumProgram -->
