<?xml version="1.0" encoding="UTF-8"?>
<!-- Generated by org.testng.reporters.JUnitReportReporter -->
<testsuite skipped="0" hostname="SRINIVAS-PC" name="HomePage.secondTestNGProgram" tests="3" failures="0" timestamp="22 Jun 2018 15:56:27 GMT" time="0.047" errors="0">
  <testcase name="Additem" time="0.020" classname="HomePage.secondTestNGProgram"/>
  <testcase name="Search" time="0.026" classname="HomePage.secondTestNGProgram"/>
  <testcase name="PlaceOrder" time="0.001" classname="HomePage.secondTestNGProgram"/>
</testsuite> <!-- HomePage.secondTestNGProgram -->
