<?xml version="1.0" encoding="UTF-8"?>
<!-- Generated by org.testng.reporters.JUnitReportReporter -->
<testsuite skipped="0" hostname="SRINIVAS-PC" name="HomePage.firstTestNGprogram" tests="2" failures="0" timestamp="20 Jun 2018 15:43:55 GMT" time="0.028" errors="0">
  <testcase name="AdvancedSearch" time="0.026" classname="HomePage.firstTestNGprogram"/>
  <testcase name="Search" time="0.002" classname="HomePage.firstTestNGprogram"/>
</testsuite> <!-- HomePage.firstTestNGprogram -->
