<?xml version="1.0" encoding="UTF-8"?>
<!-- Generated by org.testng.reporters.JUnitReportReporter -->
<testsuite skipped="0" hostname="SRINIVAS-PC" name="HomePage.testNGAnnotations" tests="2" failures="0" timestamp="17 Apr 2018 16:54:23 GMT" time="0.017" errors="0">
  <testcase name="testC" time="0.015" classname="HomePage.testNGAnnotations"/>
  <testcase name="testA" time="0.002" classname="HomePage.testNGAnnotations"/>
</testsuite> <!-- HomePage.testNGAnnotations -->
